[debug] [2022-01-02T14:27:43.437Z] ----------------------------------------------------------------------
[debug] [2022-01-02T14:27:43.439Z] Command:       C:\Program Files\nodejs\node.exe C:\Users\chimu\AppData\Roaming\npm\node_modules\firebase-tools\lib\bin\firebase.js deploy
[debug] [2022-01-02T14:27:43.439Z] CLI Version:   10.0.1
[debug] [2022-01-02T14:27:43.439Z] Platform:      win32
[debug] [2022-01-02T14:27:43.439Z] Node Version:  v14.17.1
[debug] [2022-01-02T14:27:43.440Z] Time:          Sun Jan 02 2022 20:27:43 GMT+0600 (Bangladesh Standard Time)
[debug] [2022-01-02T14:27:43.440Z] ----------------------------------------------------------------------
[debug] 
[debug] [2022-01-02T14:27:43.492Z] > command requires scopes: ["email","openid","https://www.googleapis.com/auth/cloudplatformprojects.readonly","https://www.googleapis.com/auth/firebase","https://www.googleapis.com/auth/cloud-platform"]
[debug] [2022-01-02T14:27:43.492Z] > authorizing via signed-in user (kamrulhasan181920@gmail.com)
[debug] [2022-01-02T14:27:43.492Z] [iam] checking project medi-care-hospital-da6af for permissions ["firebase.projects.get","firebasehosting.sites.update"]
[debug] [2022-01-02T14:27:43.494Z] > refreshing access token with scopes: ["email","https://www.googleapis.com/auth/cloud-platform","https://www.googleapis.com/auth/cloudplatformprojects.readonly","https://www.googleapis.com/auth/firebase","openid"]
[debug] [2022-01-02T14:27:43.494Z] >>> HTTP REQUEST POST https://www.googleapis.com/oauth2/v3/token  
 <request body omitted>
[debug] [2022-01-02T14:27:43.743Z] <<< HTTP RESPONSE 200 {"cache-control":"no-cache, no-store, max-age=0, must-revalidate","date":"Sun, 02 Jan 2022 14:27:49 GMT","expires":"Mon, 01 Jan 1990 00:00:00 GMT","pragma":"no-cache","content-type":"application/json; charset=utf-8","vary":"X-Origin, Referer, Origin,Accept-Encoding","server":"scaffolding on HTTPServer2","x-xss-protection":"0","x-frame-options":"SAMEORIGIN","x-content-type-options":"nosniff","alt-svc":"h3=\":443\"; ma=2592000,h3-29=\":443\"; ma=2592000,h3-Q050=\":443\"; ma=2592000,h3-Q046=\":443\"; ma=2592000,h3-Q043=\":443\"; ma=2592000,quic=\":443\"; ma=2592000; v=\"46,43\"","accept-ranges":"none","transfer-encoding":"chunked"}
[debug] [2022-01-02T14:27:43.752Z] >>> HTTP REQUEST POST https://cloudresourcemanager.googleapis.com/v1/projects/medi-care-hospital-da6af:testIamPermissions  
 {"permissions":["firebase.projects.get","firebasehosting.sites.update"]}
[debug] [2022-01-02T14:27:45.274Z] <<< HTTP RESPONSE 200 {"content-type":"application/json; charset=UTF-8","vary":"X-Origin, Referer, Origin,Accept-Encoding","date":"Sun, 02 Jan 2022 14:27:50 GMT","server":"ESF","cache-control":"private","x-xss-protection":"0","x-frame-options":"SAMEORIGIN","x-content-type-options":"nosniff","server-timing":"gfet4t7; dur=1262","alt-svc":"h3=\":443\"; ma=2592000,h3-29=\":443\"; ma=2592000,h3-Q050=\":443\"; ma=2592000,h3-Q046=\":443\"; ma=2592000,h3-Q043=\":443\"; ma=2592000,quic=\":443\"; ma=2592000; v=\"46,43\"","accept-ranges":"none","transfer-encoding":"chunked"}
[debug] [2022-01-02T14:27:45.274Z] [iam] error while checking permissions, command may fail: FirebaseError: Authorization failed. This account is missing the following required permissions on project medi-care-hospital-da6af:

  firebase.projects.get
  firebasehosting.sites.update
[debug] [2022-01-02T14:27:45.275Z] > refreshing access token with scopes: []
[debug] [2022-01-02T14:27:45.275Z] >>> HTTP REQUEST POST https://www.googleapis.com/oauth2/v3/token  
 <request body omitted>
[debug] [2022-01-02T14:27:45.483Z] <<< HTTP RESPONSE 200 {"date":"Sun, 02 Jan 2022 14:27:51 GMT","expires":"Mon, 01 Jan 1990 00:00:00 GMT","cache-control":"no-cache, no-store, max-age=0, must-revalidate","pragma":"no-cache","content-type":"application/json; charset=utf-8","vary":"X-Origin, Referer, Origin,Accept-Encoding","server":"scaffolding on HTTPServer2","x-xss-protection":"0","x-frame-options":"SAMEORIGIN","x-content-type-options":"nosniff","alt-svc":"h3=\":443\"; ma=2592000,h3-29=\":443\"; ma=2592000,h3-Q050=\":443\"; ma=2592000,h3-Q046=\":443\"; ma=2592000,h3-Q043=\":443\"; ma=2592000,quic=\":443\"; ma=2592000; v=\"46,43\"","accept-ranges":"none","transfer-encoding":"chunked"}
[debug] [2022-01-02T14:27:45.495Z] >>> [apiv2][query] GET https://firebase.googleapis.com/v1beta1/projects/medi-care-hospital-da6af [none]
[debug] [2022-01-02T14:27:45.943Z] <<< [apiv2][status] GET https://firebase.googleapis.com/v1beta1/projects/medi-care-hospital-da6af 403
[debug] [2022-01-02T14:27:45.944Z] <<< [apiv2][body] GET https://firebase.googleapis.com/v1beta1/projects/medi-care-hospital-da6af {"error":{"code":403,"message":"The caller does not have permission","status":"PERMISSION_DENIED"}}
[debug] [2022-01-02T14:27:45.944Z] HTTP Error: 403, The caller does not have permission
[debug] [2022-01-02T14:27:46.142Z] FirebaseError: HTTP Error: 403, The caller does not have permission
    at module.exports (C:\Users\chimu\AppData\Roaming\npm\node_modules\firebase-tools\lib\responseToError.js:38:12)
    at Client.doRequest (C:\Users\chimu\AppData\Roaming\npm\node_modules\firebase-tools\lib\apiv2.js:241:23)
    at processTicksAndRejections (internal/process/task_queues.js:95:5)
    at async Client.request (C:\Users\chimu\AppData\Roaming\npm\node_modules\firebase-tools\lib\apiv2.js:96:20)
    at async Object.getFirebaseProject (C:\Users\chimu\AppData\Roaming\npm\node_modules\firebase-tools\lib\management\projects.js:290:21)
    at async Object.getDefaultHostingSite (C:\Users\chimu\AppData\Roaming\npm\node_modules\firebase-tools\lib\getDefaultHostingSite.js:8:21)
    at async requireHostingSite (C:\Users\chimu\AppData\Roaming\npm\node_modules\firebase-tools\lib\requireHostingSite.js:9:18)
    at async Object.fn (C:\Users\chimu\AppData\Roaming\npm\node_modules\firebase-tools\lib\commands\deploy.js:73:9)
    at async C:\Users\chimu\AppData\Roaming\npm\node_modules\firebase-tools\lib\command.js:188:17
[error] 
[error] Error: Failed to get Firebase project medi-care-hospital-da6af. Please make sure the project exists and your account has permission to access it.
[debug] [2022-01-02T14:28:01.640Z] ----------------------------------------------------------------------
[debug] [2022-01-02T14:28:01.642Z] Command:       C:\Program Files\nodejs\node.exe C:\Users\chimu\AppData\Roaming\npm\node_modules\firebase-tools\lib\bin\firebase.js init
[debug] [2022-01-02T14:28:01.643Z] CLI Version:   10.0.1
[debug] [2022-01-02T14:28:01.643Z] Platform:      win32
[debug] [2022-01-02T14:28:01.643Z] Node Version:  v14.17.1
[debug] [2022-01-02T14:28:01.643Z] Time:          Sun Jan 02 2022 20:28:01 GMT+0600 (Bangladesh Standard Time)
[debug] [2022-01-02T14:28:01.644Z] ----------------------------------------------------------------------
[debug] 
[debug] [2022-01-02T14:28:01.694Z] > command requires scopes: ["email","openid","https://www.googleapis.com/auth/cloudplatformprojects.readonly","https://www.googleapis.com/auth/firebase","https://www.googleapis.com/auth/cloud-platform"]
[debug] [2022-01-02T14:28:01.695Z] > authorizing via signed-in user (kamrulhasan181920@gmail.com)
[info] 
     ######## #### ########  ######## ########     ###     ######  ########
     ##        ##  ##     ## ##       ##     ##  ##   ##  ##       ##
     ######    ##  ########  ######   ########  #########  ######  ######
     ##        ##  ##    ##  ##       ##     ## ##     ##       ## ##
     ##       #### ##     ## ######## ########  ##     ##  ######  ########

You're about to initialize a Firebase project in this directory:

  D:\Programing-hero\med\medicare-health

Before we get started, keep in mind:

  * You are initializing within an existing Firebase project directory

[info] 
=== Project Setup
[info] 
[info] First, let's associate this project directory with a Firebase project.
[info] You can create multiple project aliases by running firebase use --add, 
[info] but for now we'll just set up a default project.
[info] 
[debug] [2022-01-02T14:28:12.136Z] Using project from CLI flag: medi-care-hospital-da6af
[debug] [2022-01-02T14:28:12.139Z] >>> [apiv2][query] GET https://firebase.googleapis.com/v1beta1/projects/medi-care-hospital-da6af [none]
[debug] [2022-01-02T14:28:12.636Z] <<< [apiv2][status] GET https://firebase.googleapis.com/v1beta1/projects/medi-care-hospital-da6af 403
[debug] [2022-01-02T14:28:12.636Z] <<< [apiv2][body] GET https://firebase.googleapis.com/v1beta1/projects/medi-care-hospital-da6af {"error":{"code":403,"message":"The caller does not have permission","status":"PERMISSION_DENIED"}}
[debug] [2022-01-02T14:28:12.636Z] HTTP Error: 403, The caller does not have permission
[debug] [2022-01-02T14:28:12.836Z] FirebaseError: HTTP Error: 403, The caller does not have permission
    at module.exports (C:\Users\chimu\AppData\Roaming\npm\node_modules\firebase-tools\lib\responseToError.js:38:12)
    at Client.doRequest (C:\Users\chimu\AppData\Roaming\npm\node_modules\firebase-tools\lib\apiv2.js:241:23)
    at processTicksAndRejections (internal/process/task_queues.js:95:5)
    at async Client.request (C:\Users\chimu\AppData\Roaming\npm\node_modules\firebase-tools\lib\apiv2.js:96:20)
    at async Object.getFirebaseProject (C:\Users\chimu\AppData\Roaming\npm\node_modules\firebase-tools\lib\management\projects.js:290:21)
    at async Object.doSetup [as project] (C:\Users\chimu\AppData\Roaming\npm\node_modules\firebase-tools\lib\init\features\project.js:85:27)
    at async init (C:\Users\chimu\AppData\Roaming\npm\node_modules\firebase-tools\lib\init\index.js:19:9)
[error] 
[error] Error: Failed to get Firebase project medi-care-hospital-da6af. Please make sure the project exists and your account has permission to access it.
[debug] [2022-01-02T14:28:30.129Z] ----------------------------------------------------------------------
[debug] [2022-01-02T14:28:30.131Z] Command:       C:\Program Files\nodejs\node.exe C:\Users\chimu\AppData\Roaming\npm\node_modules\firebase-tools\lib\bin\firebase.js deploy
[debug] [2022-01-02T14:28:30.131Z] CLI Version:   10.0.1
[debug] [2022-01-02T14:28:30.131Z] Platform:      win32
[debug] [2022-01-02T14:28:30.131Z] Node Version:  v14.17.1
[debug] [2022-01-02T14:28:30.132Z] Time:          Sun Jan 02 2022 20:28:30 GMT+0600 (Bangladesh Standard Time)
[debug] [2022-01-02T14:28:30.132Z] ----------------------------------------------------------------------
[debug] 
[debug] [2022-01-02T14:28:30.183Z] > command requires scopes: ["email","openid","https://www.googleapis.com/auth/cloudplatformprojects.readonly","https://www.googleapis.com/auth/firebase","https://www.googleapis.com/auth/cloud-platform"]
[debug] [2022-01-02T14:28:30.183Z] > authorizing via signed-in user (kamrulhasan181920@gmail.com)
[debug] [2022-01-02T14:28:30.183Z] [iam] checking project medi-care-hospital-da6af for permissions ["firebase.projects.get","firebasehosting.sites.update"]
[debug] [2022-01-02T14:28:30.185Z] > refreshing access token with scopes: ["email","https://www.googleapis.com/auth/cloud-platform","https://www.googleapis.com/auth/cloudplatformprojects.readonly","https://www.googleapis.com/auth/firebase","openid"]
[debug] [2022-01-02T14:28:30.185Z] >>> HTTP REQUEST POST https://www.googleapis.com/oauth2/v3/token  
 <request body omitted>
[debug] [2022-01-02T14:28:30.421Z] <<< HTTP RESPONSE 200 {"date":"Sun, 02 Jan 2022 14:28:36 GMT","cache-control":"no-cache, no-store, max-age=0, must-revalidate","pragma":"no-cache","expires":"Mon, 01 Jan 1990 00:00:00 GMT","content-type":"application/json; charset=utf-8","vary":"X-Origin, Referer, Origin,Accept-Encoding","server":"scaffolding on HTTPServer2","x-xss-protection":"0","x-frame-options":"SAMEORIGIN","x-content-type-options":"nosniff","alt-svc":"h3=\":443\"; ma=2592000,h3-29=\":443\"; ma=2592000,h3-Q050=\":443\"; ma=2592000,h3-Q046=\":443\"; ma=2592000,h3-Q043=\":443\"; ma=2592000,quic=\":443\"; ma=2592000; v=\"46,43\"","accept-ranges":"none","transfer-encoding":"chunked"}
[debug] [2022-01-02T14:28:30.432Z] >>> HTTP REQUEST POST https://cloudresourcemanager.googleapis.com/v1/projects/medi-care-hospital-da6af:testIamPermissions  
 {"permissions":["firebase.projects.get","firebasehosting.sites.update"]}
[debug] [2022-01-02T14:28:31.874Z] <<< HTTP RESPONSE 200 {"content-type":"application/json; charset=UTF-8","vary":"X-Origin, Referer, Origin,Accept-Encoding","date":"Sun, 02 Jan 2022 14:28:37 GMT","server":"ESF","cache-control":"private","x-xss-protection":"0","x-frame-options":"SAMEORIGIN","x-content-type-options":"nosniff","server-timing":"gfet4t7; dur=1279","alt-svc":"h3=\":443\"; ma=2592000,h3-29=\":443\"; ma=2592000,h3-Q050=\":443\"; ma=2592000,h3-Q046=\":443\"; ma=2592000,h3-Q043=\":443\"; ma=2592000,quic=\":443\"; ma=2592000; v=\"46,43\"","accept-ranges":"none","transfer-encoding":"chunked"}
[debug] [2022-01-02T14:28:31.874Z] [iam] error while checking permissions, command may fail: FirebaseError: Authorization failed. This account is missing the following required permissions on project medi-care-hospital-da6af:

  firebase.projects.get
  firebasehosting.sites.update
[debug] [2022-01-02T14:28:31.875Z] > refreshing access token with scopes: []
[debug] [2022-01-02T14:28:31.875Z] >>> HTTP REQUEST POST https://www.googleapis.com/oauth2/v3/token  
 <request body omitted>
[debug] [2022-01-02T14:28:32.085Z] <<< HTTP RESPONSE 200 {"expires":"Mon, 01 Jan 1990 00:00:00 GMT","date":"Sun, 02 Jan 2022 14:28:37 GMT","cache-control":"no-cache, no-store, max-age=0, must-revalidate","pragma":"no-cache","content-type":"application/json; charset=utf-8","vary":"X-Origin, Referer, Origin,Accept-Encoding","server":"scaffolding on HTTPServer2","x-xss-protection":"0","x-frame-options":"SAMEORIGIN","x-content-type-options":"nosniff","alt-svc":"h3=\":443\"; ma=2592000,h3-29=\":443\"; ma=2592000,h3-Q050=\":443\"; ma=2592000,h3-Q046=\":443\"; ma=2592000,h3-Q043=\":443\"; ma=2592000,quic=\":443\"; ma=2592000; v=\"46,43\"","accept-ranges":"none","transfer-encoding":"chunked"}
[debug] [2022-01-02T14:28:32.093Z] >>> [apiv2][query] GET https://firebase.googleapis.com/v1beta1/projects/medi-care-hospital-da6af [none]
[debug] [2022-01-02T14:28:32.539Z] <<< [apiv2][status] GET https://firebase.googleapis.com/v1beta1/projects/medi-care-hospital-da6af 403
[debug] [2022-01-02T14:28:32.539Z] <<< [apiv2][body] GET https://firebase.googleapis.com/v1beta1/projects/medi-care-hospital-da6af {"error":{"code":403,"message":"The caller does not have permission","status":"PERMISSION_DENIED"}}
[debug] [2022-01-02T14:28:32.540Z] HTTP Error: 403, The caller does not have permission
[debug] [2022-01-02T14:28:32.739Z] FirebaseError: HTTP Error: 403, The caller does not have permission
    at module.exports (C:\Users\chimu\AppData\Roaming\npm\node_modules\firebase-tools\lib\responseToError.js:38:12)
    at Client.doRequest (C:\Users\chimu\AppData\Roaming\npm\node_modules\firebase-tools\lib\apiv2.js:241:23)
    at processTicksAndRejections (internal/process/task_queues.js:95:5)
    at async Client.request (C:\Users\chimu\AppData\Roaming\npm\node_modules\firebase-tools\lib\apiv2.js:96:20)
    at async Object.getFirebaseProject (C:\Users\chimu\AppData\Roaming\npm\node_modules\firebase-tools\lib\management\projects.js:290:21)
    at async Object.getDefaultHostingSite (C:\Users\chimu\AppData\Roaming\npm\node_modules\firebase-tools\lib\getDefaultHostingSite.js:8:21)
    at async requireHostingSite (C:\Users\chimu\AppData\Roaming\npm\node_modules\firebase-tools\lib\requireHostingSite.js:9:18)
    at async Object.fn (C:\Users\chimu\AppData\Roaming\npm\node_modules\firebase-tools\lib\commands\deploy.js:73:9)
    at async C:\Users\chimu\AppData\Roaming\npm\node_modules\firebase-tools\lib\command.js:188:17
[error] 
[error] Error: Failed to get Firebase project medi-care-hospital-da6af. Please make sure the project exists and your account has permission to access it.
